2022-04-07 17:52:27,270 DEBUG i.g.d.DemoSpringApplication [main] Inizio main
2022-04-07 17:52:28,004 INFO i.g.d.DemoSpringApplication [main] Starting DemoSpringApplication using Java 1.8.0_241 on PC2823 with PID 20892 (C:\Graziano Sviluppo-Studio\demoSpring\demoSpring\target\classes started by u03240 in C:\Graziano Sviluppo-Studio\demoSpring\demoSpring)
2022-04-07 17:52:28,009 DEBUG i.g.d.DemoSpringApplication [main] Running with Spring Boot v2.6.6, Spring v5.3.18
2022-04-07 17:52:28,012 INFO i.g.d.DemoSpringApplication [main] No active profile set, falling back to 1 default profile: "default"
2022-04-07 17:52:32,097 INFO i.g.d.DemoSpringApplication [main] Started DemoSpringApplication in 4.692 seconds (JVM running for 5.957)
2022-04-07 17:52:41,849 DEBUG i.g.d.c.HomeController [http-nio-8181-exec-1] Inizio index
2022-04-07 17:52:41,849 DEBUG i.g.d.c.HomeController [http-nio-8181-exec-1] mainaaaa
2022-04-07 17:52:45,812 DEBUG i.g.d.c.AdminController [http-nio-8181-exec-8] Inizio admin
2022-04-07 17:52:53,057 DEBUG i.g.d.c.HomeController [http-nio-8181-exec-3] Inizio index
2022-04-07 17:52:53,057 DEBUG i.g.d.c.HomeController [http-nio-8181-exec-3] mainaaaa
2022-04-07 17:54:31,783 DEBUG i.g.d.DemoSpringApplication [main] Inizio main
2022-04-07 17:54:32,345 INFO i.g.d.DemoSpringApplication [main] Starting DemoSpringApplication using Java 1.8.0_241 on PC2823 with PID 21380 (C:\Graziano Sviluppo-Studio\demoSpring\demoSpring\target\classes started by u03240 in C:\Graziano Sviluppo-Studio\demoSpring\demoSpring)
2022-04-07 17:54:32,350 DEBUG i.g.d.DemoSpringApplication [main] Running with Spring Boot v2.6.6, Spring v5.3.18
2022-04-07 17:54:32,354 INFO i.g.d.DemoSpringApplication [main] No active profile set, falling back to 1 default profile: "default"
2022-04-07 17:54:35,550 INFO i.g.d.DemoSpringApplication [main] Started DemoSpringApplication in 3.639 seconds (JVM running for 4.629)
2022-04-07 17:54:53,196 DEBUG i.g.d.c.HomeController [http-nio-8181-exec-1] Inizio index
2022-04-07 17:54:54,805 DEBUG i.g.d.c.AdminController [http-nio-8181-exec-10] Inizio admin
2022-04-07 17:54:56,140 DEBUG i.g.d.c.HomeController [http-nio-8181-exec-1] Inizio index
2022-04-08 09:53:05,538 DEBUG i.g.d.DemoSpringApplication [main] Inizio main
2022-04-08 09:53:06,431 INFO i.g.d.DemoSpringApplication [main] Starting DemoSpringApplication using Java 1.8.0_241 on PC2823 with PID 24652 (C:\Graziano Sviluppo-Studio\demoSpring\demoSpring\target\classes started by u03240 in C:\Graziano Sviluppo-Studio\demoSpring\demoSpring)
2022-04-08 09:53:06,439 DEBUG i.g.d.DemoSpringApplication [main] Running with Spring Boot v2.6.6, Spring v5.3.18
2022-04-08 09:53:06,441 INFO i.g.d.DemoSpringApplication [main] No active profile set, falling back to 1 default profile: "default"
2022-04-08 09:54:57,231 DEBUG i.g.d.DemoSpringApplication [main] Inizio main
2022-04-08 09:54:57,907 INFO i.g.d.DemoSpringApplication [main] Starting DemoSpringApplication using Java 1.8.0_241 on PC2823 with PID 25404 (C:\Graziano Sviluppo-Studio\demoSpring\demoSpring\target\classes started by u03240 in C:\Graziano Sviluppo-Studio\demoSpring\demoSpring)
2022-04-08 09:54:57,912 DEBUG i.g.d.DemoSpringApplication [main] Running with Spring Boot v2.6.6, Spring v5.3.18
2022-04-08 09:54:57,913 INFO i.g.d.DemoSpringApplication [main] No active profile set, falling back to 1 default profile: "default"
2022-04-08 09:55:01,620 INFO i.g.d.DemoSpringApplication [main] Started DemoSpringApplication in 4.263 seconds (JVM running for 5.34)
2022-04-08 10:05:10,299 DEBUG i.g.d.c.a.ApiHomeController [http-nio-8181-exec-2] sono in allPhoto
2022-04-08 10:07:56,818 DEBUG i.g.d.DemoSpringApplication [main] Inizio main
2022-04-08 10:07:57,544 INFO i.g.d.DemoSpringApplication [main] Starting DemoSpringApplication using Java 1.8.0_241 on PC2823 with PID 26028 (C:\Graziano Sviluppo-Studio\demoSpring\demoSpring\target\classes started by u03240 in C:\Graziano Sviluppo-Studio\demoSpring\demoSpring)
2022-04-08 10:07:57,550 DEBUG i.g.d.DemoSpringApplication [main] Running with Spring Boot v2.6.6, Spring v5.3.18
2022-04-08 10:07:57,551 INFO i.g.d.DemoSpringApplication [main] No active profile set, falling back to 1 default profile: "default"
2022-04-08 10:08:01,109 INFO i.g.d.DemoSpringApplication [main] Started DemoSpringApplication in 4.121 seconds (JVM running for 5.335)
2022-04-08 10:08:10,057 DEBUG i.g.d.c.a.ApiHomeController [http-nio-8181-exec-2] sono in allPhoto
2022-04-08 10:09:40,268 DEBUG i.g.d.DemoSpringApplication [main] Inizio main
2022-04-08 10:09:40,874 INFO i.g.d.DemoSpringApplication [main] Starting DemoSpringApplication using Java 1.8.0_241 on PC2823 with PID 11168 (C:\Graziano Sviluppo-Studio\demoSpring\demoSpring\target\classes started by u03240 in C:\Graziano Sviluppo-Studio\demoSpring\demoSpring)
2022-04-08 10:09:40,880 DEBUG i.g.d.DemoSpringApplication [main] Running with Spring Boot v2.6.6, Spring v5.3.18
2022-04-08 10:09:40,881 INFO i.g.d.DemoSpringApplication [main] No active profile set, falling back to 1 default profile: "default"
2022-04-08 10:09:59,378 INFO i.g.d.DemoSpringApplication [main] Started DemoSpringApplication in 18.983 seconds (JVM running for 20.077)
2022-04-08 10:10:05,030 DEBUG i.g.d.c.HomeController [http-nio-8181-exec-1] Inizio index
2022-04-08 10:10:21,583 DEBUG i.g.d.c.HomeController [http-nio-8181-exec-6] Inizio index
2022-04-08 10:10:22,742 DEBUG i.g.d.c.HomeController [http-nio-8181-exec-7] Inizio index
2022-04-08 10:10:27,550 DEBUG i.g.d.DemoSpringApplication [main] Inizio main
2022-04-08 10:10:28,191 INFO i.g.d.DemoSpringApplication [main] Starting DemoSpringApplication using Java 1.8.0_241 on PC2823 with PID 26380 (C:\Graziano Sviluppo-Studio\demoSpring\demoSpring\target\classes started by u03240 in C:\Graziano Sviluppo-Studio\demoSpring\demoSpring)
2022-04-08 10:10:28,197 DEBUG i.g.d.DemoSpringApplication [main] Running with Spring Boot v2.6.6, Spring v5.3.18
2022-04-08 10:10:28,198 INFO i.g.d.DemoSpringApplication [main] No active profile set, falling back to 1 default profile: "default"
2022-04-08 10:10:31,855 INFO i.g.d.DemoSpringApplication [main] Started DemoSpringApplication in 4.155 seconds (JVM running for 5.325)
2022-04-08 10:10:44,263 DEBUG i.g.d.c.HomeController [http-nio-8181-exec-1] Inizio index
2022-04-08 10:10:47,648 DEBUG i.g.d.c.HomeController [http-nio-8181-exec-3] Inizio index
2022-04-08 10:11:51,887 DEBUG i.g.d.DemoSpringApplication [main] Inizio main
2022-04-08 10:11:52,536 INFO i.g.d.DemoSpringApplication [main] Starting DemoSpringApplication using Java 1.8.0_241 on PC2823 with PID 26160 (C:\Graziano Sviluppo-Studio\demoSpring\demoSpring\target\classes started by u03240 in C:\Graziano Sviluppo-Studio\demoSpring\demoSpring)
2022-04-08 10:11:52,541 DEBUG i.g.d.DemoSpringApplication [main] Running with Spring Boot v2.6.6, Spring v5.3.18
2022-04-08 10:11:52,543 INFO i.g.d.DemoSpringApplication [main] No active profile set, falling back to 1 default profile: "default"
2022-04-08 10:11:56,447 INFO i.g.d.DemoSpringApplication [main] Started DemoSpringApplication in 4.426 seconds (JVM running for 12.696)
2022-04-08 10:11:56,566 DEBUG i.g.d.c.HomeController [http-nio-8181-exec-1] Inizio index
2022-04-08 10:12:43,649 DEBUG i.g.d.DemoSpringApplication [main] Inizio main
2022-04-08 10:12:44,268 INFO i.g.d.DemoSpringApplication [main] Starting DemoSpringApplication using Java 1.8.0_241 on PC2823 with PID 28708 (C:\Graziano Sviluppo-Studio\demoSpring\demoSpring\target\classes started by u03240 in C:\Graziano Sviluppo-Studio\demoSpring\demoSpring)
2022-04-08 10:12:44,275 DEBUG i.g.d.DemoSpringApplication [main] Running with Spring Boot v2.6.6, Spring v5.3.18
2022-04-08 10:12:44,276 INFO i.g.d.DemoSpringApplication [main] No active profile set, falling back to 1 default profile: "default"
2022-04-08 10:12:48,475 INFO i.g.d.DemoSpringApplication [main] Started DemoSpringApplication in 4.685 seconds (JVM running for 6.021)
2022-04-08 10:12:48,591 DEBUG i.g.d.c.HomeController [http-nio-8181-exec-1] Inizio index
2022-04-08 10:12:51,290 DEBUG i.g.d.c.a.ApiHomeController [http-nio-8181-exec-2] sono in allPhoto
2022-04-08 10:12:56,121 DEBUG i.g.d.c.HomeController [http-nio-8181-exec-8] Inizio index
2022-04-08 10:12:59,221 DEBUG i.g.d.c.a.ApiHomeController [http-nio-8181-exec-9] sono in allPhoto
2022-04-08 10:22:27,425 DEBUG i.g.d.DemoSpringApplication [main] Inizio main
2022-04-08 10:22:28,181 INFO i.g.d.DemoSpringApplication [main] Starting DemoSpringApplication using Java 1.8.0_241 on PC2823 with PID 22436 (C:\Graziano Sviluppo-Studio\demoSpring\demoSpring\target\classes started by u03240 in C:\Graziano Sviluppo-Studio\demoSpring\demoSpring)
2022-04-08 10:22:28,187 DEBUG i.g.d.DemoSpringApplication [main] Running with Spring Boot v2.6.6, Spring v5.3.18
2022-04-08 10:22:28,188 INFO i.g.d.DemoSpringApplication [main] No active profile set, falling back to 1 default profile: "default"
2022-04-08 10:22:32,569 INFO i.g.d.DemoSpringApplication [main] Started DemoSpringApplication in 5.015 seconds (JVM running for 6.182)
2022-04-08 10:22:58,032 DEBUG i.g.d.DemoSpringApplication [main] Inizio main
2022-04-08 10:22:58,922 INFO i.g.d.DemoSpringApplication [main] Starting DemoSpringApplication using Java 1.8.0_241 on PC2823 with PID 19936 (C:\Graziano Sviluppo-Studio\demoSpring\demoSpring\target\classes started by u03240 in C:\Graziano Sviluppo-Studio\demoSpring\demoSpring)
2022-04-08 10:22:58,932 DEBUG i.g.d.DemoSpringApplication [main] Running with Spring Boot v2.6.6, Spring v5.3.18
2022-04-08 10:22:58,933 INFO i.g.d.DemoSpringApplication [main] No active profile set, falling back to 1 default profile: "default"
2022-04-08 10:23:04,921 INFO i.g.d.DemoSpringApplication [main] Started DemoSpringApplication in 6.699 seconds (JVM running for 8.429)
2022-04-08 10:23:28,060 DEBUG i.g.d.c.a.ApiHomeController [http-nio-8181-exec-1] sono in getFotoById
2022-04-08 10:23:28,074 ERROR i.g.d.c.a.ApiHomeController [http-nio-8181-exec-1] Foto con id 1 trovata
2022-04-08 10:23:49,950 DEBUG i.g.d.c.a.ApiHomeController [http-nio-8181-exec-3] sono in getFotoById
2022-04-08 10:23:49,953 ERROR i.g.d.c.a.ApiHomeController [http-nio-8181-exec-3] Foto con id 2 trovata
2022-04-08 10:23:56,455 DEBUG i.g.d.c.a.ApiHomeController [http-nio-8181-exec-4] sono in getFotoById
2022-04-08 10:23:56,455 ERROR i.g.d.c.a.ApiHomeController [http-nio-8181-exec-4] Foto non trovata
2022-04-08 10:41:53,985 DEBUG i.g.d.DemoSpringApplication [main] Inizio main
2022-04-08 10:41:54,874 INFO i.g.d.DemoSpringApplication [main] Starting DemoSpringApplication using Java 1.8.0_241 on PC2823 with PID 26504 (C:\Graziano Sviluppo-Studio\demoSpring\demoSpring\target\classes started by u03240 in C:\Graziano Sviluppo-Studio\demoSpring\demoSpring)
2022-04-08 10:41:54,880 DEBUG i.g.d.DemoSpringApplication [main] Running with Spring Boot v2.6.6, Spring v5.3.18
2022-04-08 10:41:54,881 INFO i.g.d.DemoSpringApplication [main] No active profile set, falling back to 1 default profile: "default"
2022-04-08 10:41:58,951 INFO i.g.d.DemoSpringApplication [main] Started DemoSpringApplication in 4.663 seconds (JVM running for 6.272)
2022-04-08 10:42:15,617 DEBUG i.g.d.c.a.ApiAdminController [http-nio-8181-exec-1] sono in allPhoto
2022-04-08 10:42:28,944 DEBUG i.g.d.c.a.ApiAdminController [http-nio-8181-exec-3] sono in getFotoById
2022-04-08 10:42:28,945 DEBUG i.g.d.c.a.ApiAdminController [http-nio-8181-exec-3] Foto con id 3 trovata
2022-04-08 10:44:17,741 DEBUG i.g.d.c.a.ApiAdminController [http-nio-8181-exec-8] sono in creaNuovaFoto
2022-04-08 10:44:17,742 DEBUG i.g.d.c.a.ApiAdminController [http-nio-8181-exec-8] REstituisco la nuova foto inserita con id:4
2022-04-08 10:44:33,150 DEBUG i.g.d.c.a.ApiAdminController [http-nio-8181-exec-9] sono in allPhoto
2022-04-08 10:48:01,666 DEBUG i.g.d.c.a.ApiAdminController [http-nio-8181-exec-6] sono in allPhoto
2022-04-08 10:49:41,263 DEBUG i.g.d.DemoSpringApplication [main] Inizio main
2022-04-08 10:49:41,928 INFO i.g.d.DemoSpringApplication [main] Starting DemoSpringApplication using Java 1.8.0_241 on PC2823 with PID 25636 (C:\Graziano Sviluppo-Studio\demoSpring\demoSpring\target\classes started by u03240 in C:\Graziano Sviluppo-Studio\demoSpring\demoSpring)
2022-04-08 10:49:41,933 DEBUG i.g.d.DemoSpringApplication [main] Running with Spring Boot v2.6.6, Spring v5.3.18
2022-04-08 10:49:41,935 INFO i.g.d.DemoSpringApplication [main] No active profile set, falling back to 1 default profile: "default"
2022-04-08 10:49:45,538 INFO i.g.d.DemoSpringApplication [main] Started DemoSpringApplication in 4.156 seconds (JVM running for 5.272)
2022-04-08 10:49:45,793 DEBUG i.g.d.c.a.ApiAdminController [http-nio-8181-exec-2] sono in aggiornaNuovaFoto
2022-04-08 10:49:45,793 DEBUG i.g.d.c.a.ApiAdminController [http-nio-8181-exec-2] Foto aggiornata correttamente, con id:1
2022-04-08 10:50:02,380 DEBUG i.g.d.DemoSpringApplication [main] Inizio main
2022-04-08 10:50:02,996 INFO i.g.d.DemoSpringApplication [main] Starting DemoSpringApplication using Java 1.8.0_241 on PC2823 with PID 25984 (C:\Graziano Sviluppo-Studio\demoSpring\demoSpring\target\classes started by u03240 in C:\Graziano Sviluppo-Studio\demoSpring\demoSpring)
2022-04-08 10:50:03,002 DEBUG i.g.d.DemoSpringApplication [main] Running with Spring Boot v2.6.6, Spring v5.3.18
2022-04-08 10:50:03,003 INFO i.g.d.DemoSpringApplication [main] No active profile set, falling back to 1 default profile: "default"
2022-04-08 10:50:06,499 INFO i.g.d.DemoSpringApplication [main] Started DemoSpringApplication in 3.973 seconds (JVM running for 5.188)
2022-04-08 10:50:06,858 DEBUG i.g.d.c.a.ApiAdminController [http-nio-8181-exec-2] sono in aggiornaNuovaFoto
2022-04-08 10:50:06,859 DEBUG i.g.d.c.a.ApiAdminController [http-nio-8181-exec-2] Foto aggiornata correttamente, con id:1
2022-04-08 10:50:24,136 DEBUG i.g.d.DemoSpringApplication [main] Inizio main
2022-04-08 10:50:24,715 INFO i.g.d.DemoSpringApplication [main] Starting DemoSpringApplication using Java 1.8.0_241 on PC2823 with PID 3708 (C:\Graziano Sviluppo-Studio\demoSpring\demoSpring\target\classes started by u03240 in C:\Graziano Sviluppo-Studio\demoSpring\demoSpring)
2022-04-08 10:50:24,720 DEBUG i.g.d.DemoSpringApplication [main] Running with Spring Boot v2.6.6, Spring v5.3.18
2022-04-08 10:50:24,721 INFO i.g.d.DemoSpringApplication [main] No active profile set, falling back to 1 default profile: "default"
2022-04-08 10:50:28,438 INFO i.g.d.DemoSpringApplication [main] Started DemoSpringApplication in 4.156 seconds (JVM running for 5.339)
2022-04-08 10:50:57,244 DEBUG i.g.d.DemoSpringApplication [main] Inizio main
2022-04-08 10:50:57,947 INFO i.g.d.DemoSpringApplication [main] Starting DemoSpringApplication using Java 1.8.0_241 on PC2823 with PID 19640 (C:\Graziano Sviluppo-Studio\demoSpring\demoSpring\target\classes started by u03240 in C:\Graziano Sviluppo-Studio\demoSpring\demoSpring)
2022-04-08 10:50:57,952 DEBUG i.g.d.DemoSpringApplication [main] Running with Spring Boot v2.6.6, Spring v5.3.18
2022-04-08 10:50:57,953 INFO i.g.d.DemoSpringApplication [main] No active profile set, falling back to 1 default profile: "default"
2022-04-08 10:51:13,782 INFO i.g.d.DemoSpringApplication [main] Started DemoSpringApplication in 16.375 seconds (JVM running for 17.683)
2022-04-08 10:51:16,857 DEBUG i.g.d.c.a.ApiAdminController [http-nio-8181-exec-2] sono in aggiornaNuovaFoto
2022-04-08 10:51:16,858 DEBUG i.g.d.c.a.ApiAdminController [http-nio-8181-exec-2] Foto aggiornata correttamente, con id:1
2022-04-08 10:51:20,499 DEBUG i.g.d.c.a.ApiAdminController [http-nio-8181-exec-3] sono in allPhoto
2022-04-08 10:53:05,530 DEBUG i.g.d.DemoSpringApplication [main] Inizio main
2022-04-08 10:53:06,214 INFO i.g.d.DemoSpringApplication [main] Starting DemoSpringApplication using Java 1.8.0_241 on PC2823 with PID 26668 (C:\Graziano Sviluppo-Studio\demoSpring\demoSpring\target\classes started by u03240 in C:\Graziano Sviluppo-Studio\demoSpring\demoSpring)
2022-04-08 10:53:06,220 DEBUG i.g.d.DemoSpringApplication [main] Running with Spring Boot v2.6.6, Spring v5.3.18
2022-04-08 10:53:06,221 INFO i.g.d.DemoSpringApplication [main] No active profile set, falling back to 1 default profile: "default"
2022-04-08 10:53:09,905 INFO i.g.d.DemoSpringApplication [main] Started DemoSpringApplication in 4.163 seconds (JVM running for 5.536)
2022-04-08 10:53:32,300 DEBUG i.g.d.DemoSpringApplication [main] Inizio main
2022-04-08 10:53:33,032 INFO i.g.d.DemoSpringApplication [main] Starting DemoSpringApplication using Java 1.8.0_241 on PC2823 with PID 2208 (C:\Graziano Sviluppo-Studio\demoSpring\demoSpring\target\classes started by u03240 in C:\Graziano Sviluppo-Studio\demoSpring\demoSpring)
2022-04-08 10:53:33,040 DEBUG i.g.d.DemoSpringApplication [main] Running with Spring Boot v2.6.6, Spring v5.3.18
2022-04-08 10:53:33,041 INFO i.g.d.DemoSpringApplication [main] No active profile set, falling back to 1 default profile: "default"
2022-04-08 10:53:36,596 INFO i.g.d.DemoSpringApplication [main] Started DemoSpringApplication in 4.156 seconds (JVM running for 5.278)
2022-04-08 10:53:41,329 DEBUG i.g.d.c.a.ApiAdminController [http-nio-8181-exec-1] sono in rimuoviFoto
2022-04-08 10:53:41,330 DEBUG i.g.d.c.a.ApiAdminController [http-nio-8181-exec-1] Foto cancellata correttamente, con id:2
2022-04-08 10:53:47,700 DEBUG i.g.d.c.a.ApiAdminController [http-nio-8181-exec-3] sono in allPhoto
2022-04-08 10:54:33,519 DEBUG i.g.d.c.a.ApiAdminController [http-nio-8181-exec-4] sono in rimuoviFoto
2022-04-08 10:54:33,522 ERROR i.g.d.c.a.ApiAdminController [http-nio-8181-exec-4] Foto non trovata
2022-04-08 10:56:07,830 DEBUG i.g.d.DemoSpringApplication [main] Inizio main
2022-04-08 10:56:09,475 INFO i.g.d.DemoSpringApplication [main] Starting DemoSpringApplication using Java 1.8.0_241 on PC2823 with PID 27416 (C:\Graziano Sviluppo-Studio\demoSpring\demoSpring\target\classes started by u03240 in C:\Graziano Sviluppo-Studio\demoSpring\demoSpring)
2022-04-08 10:56:09,480 DEBUG i.g.d.DemoSpringApplication [main] Running with Spring Boot v2.6.6, Spring v5.3.18
2022-04-08 10:56:09,481 INFO i.g.d.DemoSpringApplication [main] No active profile set, falling back to 1 default profile: "default"
2022-04-08 10:56:12,914 INFO i.g.d.DemoSpringApplication [main] Started DemoSpringApplication in 3.994 seconds (JVM running for 13.249)
2022-04-08 10:56:32,522 DEBUG i.g.d.c.a.ApiAdminController [http-nio-8181-exec-1] sono in aggiornaFoto
2022-04-08 10:56:32,523 DEBUG i.g.d.c.a.ApiAdminController [http-nio-8181-exec-1] Foto aggiornata correttamente, con id:1
2022-04-08 10:56:40,516 DEBUG i.g.d.c.a.ApiAdminController [http-nio-8181-exec-3] sono in allPhoto
2022-04-08 10:56:43,043 DEBUG i.g.d.c.a.ApiAdminController [http-nio-8181-exec-4] sono in aggiornaFoto
2022-04-08 10:56:43,043 DEBUG i.g.d.c.a.ApiAdminController [http-nio-8181-exec-4] Foto aggiornata correttamente, con id:1
2022-04-08 10:58:34,458 DEBUG i.g.d.DemoSpringApplication [main] Inizio main
2022-04-08 10:58:35,288 INFO i.g.d.DemoSpringApplication [main] Starting DemoSpringApplication using Java 1.8.0_241 on PC2823 with PID 20816 (C:\Graziano Sviluppo-Studio\demoSpring\demoSpring\target\classes started by u03240 in C:\Graziano Sviluppo-Studio\demoSpring\demoSpring)
2022-04-08 10:58:35,293 DEBUG i.g.d.DemoSpringApplication [main] Running with Spring Boot v2.6.6, Spring v5.3.18
2022-04-08 10:58:35,294 INFO i.g.d.DemoSpringApplication [main] No active profile set, falling back to 1 default profile: "default"
2022-04-08 10:58:39,436 INFO i.g.d.DemoSpringApplication [main] Started DemoSpringApplication in 4.782 seconds (JVM running for 6.229)
2022-04-08 10:59:17,138 INFO i.g.d.c.a.ApiHomeController [http-nio-8181-exec-7] sono in allPhoto
2022-04-08 10:59:18,154 INFO i.g.d.c.a.ApiHomeController [http-nio-8181-exec-8] sono in allPhoto
2022-04-08 11:02:49,293 DEBUG i.g.d.DemoSpringApplication [main] Inizio main
2022-04-08 11:02:50,275 INFO i.g.d.DemoSpringApplication [main] Starting DemoSpringApplication using Java 1.8.0_241 on PC2823 with PID 27308 (C:\Graziano Sviluppo-Studio\demoSpring\demoSpring\target\classes started by u03240 in C:\Graziano Sviluppo-Studio\demoSpring\demoSpring)
2022-04-08 11:02:50,280 DEBUG i.g.d.DemoSpringApplication [main] Running with Spring Boot v2.6.6, Spring v5.3.18
2022-04-08 11:02:50,280 INFO i.g.d.DemoSpringApplication [main] No active profile set, falling back to 1 default profile: "default"
2022-04-08 11:02:54,344 INFO i.g.d.DemoSpringApplication [main] Started DemoSpringApplication in 4.837 seconds (JVM running for 6.438)
2022-04-08 11:03:40,247 DEBUG i.g.d.DemoSpringApplication [main] Inizio main
2022-04-08 11:03:40,938 INFO i.g.d.DemoSpringApplication [main] Starting DemoSpringApplication using Java 1.8.0_241 on PC2823 with PID 26564 (C:\Graziano Sviluppo-Studio\demoSpring\demoSpring\target\classes started by u03240 in C:\Graziano Sviluppo-Studio\demoSpring\demoSpring)
2022-04-08 11:03:40,945 DEBUG i.g.d.DemoSpringApplication [main] Running with Spring Boot v2.6.6, Spring v5.3.18
2022-04-08 11:03:40,946 INFO i.g.d.DemoSpringApplication [main] No active profile set, falling back to 1 default profile: "default"
2022-04-08 11:03:44,750 INFO i.g.d.DemoSpringApplication [main] Started DemoSpringApplication in 4.336 seconds (JVM running for 9.866)
2022-04-08 11:04:59,644 DEBUG i.g.d.DemoSpringApplication [main] Inizio main
2022-04-08 11:05:00,478 INFO i.g.d.DemoSpringApplication [main] Starting DemoSpringApplication using Java 1.8.0_241 on PC2823 with PID 27852 (C:\Graziano Sviluppo-Studio\demoSpring\demoSpring\target\classes started by u03240 in C:\Graziano Sviluppo-Studio\demoSpring\demoSpring)
2022-04-08 11:05:00,485 DEBUG i.g.d.DemoSpringApplication [main] Running with Spring Boot v2.6.6, Spring v5.3.18
2022-04-08 11:05:00,486 INFO i.g.d.DemoSpringApplication [main] No active profile set, falling back to 1 default profile: "default"
2022-04-08 11:05:04,620 INFO i.g.d.DemoSpringApplication [main] Started DemoSpringApplication in 4.826 seconds (JVM running for 6.098)
2022-04-08 11:51:33,514 DEBUG i.g.d.DemoSpringApplication [main] Inizio main
2022-04-08 11:51:34,139 INFO i.g.d.DemoSpringApplication [main] Starting DemoSpringApplication using Java 1.8.0_241 on PC2823 with PID 24904 (C:\Graziano Sviluppo-Studio\demoSpring\demoSpring\target\classes started by u03240 in C:\Graziano Sviluppo-Studio\demoSpring\demoSpring)
2022-04-08 11:51:34,145 DEBUG i.g.d.DemoSpringApplication [main] Running with Spring Boot v2.6.6, Spring v5.3.18
2022-04-08 11:51:34,146 INFO i.g.d.DemoSpringApplication [main] No active profile set, falling back to 1 default profile: "default"
2022-04-08 11:52:49,742 DEBUG i.g.d.DemoSpringApplication [main] Inizio main
2022-04-08 11:52:50,497 INFO i.g.d.DemoSpringApplication [main] Starting DemoSpringApplication using Java 1.8.0_241 on PC2823 with PID 17628 (C:\Graziano Sviluppo-Studio\demoSpring\demoSpring\target\classes started by u03240 in C:\Graziano Sviluppo-Studio\demoSpring\demoSpring)
2022-04-08 11:52:50,504 DEBUG i.g.d.DemoSpringApplication [main] Running with Spring Boot v2.6.6, Spring v5.3.18
2022-04-08 11:52:50,505 INFO i.g.d.DemoSpringApplication [main] No active profile set, falling back to 1 default profile: "default"
2022-04-08 11:52:54,041 INFO i.g.d.DemoSpringApplication [main] Started DemoSpringApplication in 4.159 seconds (JVM running for 5.386)
2022-04-08 11:52:59,829 DEBUG i.g.d.s.DbFotoService [http-nio-8181-exec-2] sono in allPhoto di db fot service
2022-04-08 11:53:36,390 DEBUG i.g.d.DemoSpringApplication [main] Inizio main
2022-04-08 11:53:36,987 INFO i.g.d.DemoSpringApplication [main] Starting DemoSpringApplication using Java 1.8.0_241 on PC2823 with PID 27160 (C:\Graziano Sviluppo-Studio\demoSpring\demoSpring\target\classes started by u03240 in C:\Graziano Sviluppo-Studio\demoSpring\demoSpring)
2022-04-08 11:53:36,994 DEBUG i.g.d.DemoSpringApplication [main] Running with Spring Boot v2.6.6, Spring v5.3.18
2022-04-08 11:53:36,996 INFO i.g.d.DemoSpringApplication [main] No active profile set, falling back to 1 default profile: "default"
2022-04-08 11:53:40,350 INFO i.g.d.DemoSpringApplication [main] Started DemoSpringApplication in 3.828 seconds (JVM running for 4.888)
2022-04-08 11:53:40,822 DEBUG i.g.d.s.FotoService [http-nio-8181-exec-2] sono in allPhoto
2022-04-08 11:53:44,435 DEBUG i.g.d.s.FotoService [http-nio-8181-exec-3] sono in allPhoto
2022-04-08 11:53:54,000 DEBUG i.g.d.s.DbFotoService [http-nio-8181-exec-4] sono in aggiornaNuovaFoto
2022-04-08 11:53:58,334 DEBUG i.g.d.s.DbFotoService [http-nio-8181-exec-5] sono in aggiornaNuovaFoto
2022-04-08 11:54:16,654 DEBUG i.g.d.s.DbFotoService [http-nio-8181-exec-8] sono in allPhoto di db fot service
2022-04-08 11:54:18,890 DEBUG i.g.d.s.DbFotoService [http-nio-8181-exec-9] sono in allPhoto di db fot service
2022-04-08 11:55:04,992 DEBUG i.g.d.DemoSpringApplication [main] Inizio main
2022-04-08 11:55:05,919 INFO i.g.d.DemoSpringApplication [main] Starting DemoSpringApplication using Java 1.8.0_241 on PC2823 with PID 22056 (C:\Graziano Sviluppo-Studio\demoSpring\demoSpring\target\classes started by u03240 in C:\Graziano Sviluppo-Studio\demoSpring\demoSpring)
2022-04-08 11:55:05,925 DEBUG i.g.d.DemoSpringApplication [main] Running with Spring Boot v2.6.6, Spring v5.3.18
2022-04-08 11:55:05,927 INFO i.g.d.DemoSpringApplication [main] No active profile set, falling back to 1 default profile: "default"
2022-04-08 11:55:40,416 DEBUG i.g.d.DemoSpringApplication [main] Inizio main
2022-04-08 11:55:41,226 INFO i.g.d.DemoSpringApplication [main] Starting DemoSpringApplication using Java 1.8.0_241 on PC2823 with PID 27344 (C:\Graziano Sviluppo-Studio\demoSpring\demoSpring\target\classes started by u03240 in C:\Graziano Sviluppo-Studio\demoSpring\demoSpring)
2022-04-08 11:55:41,234 DEBUG i.g.d.DemoSpringApplication [main] Running with Spring Boot v2.6.6, Spring v5.3.18
2022-04-08 11:55:41,235 INFO i.g.d.DemoSpringApplication [main] No active profile set, falling back to 1 default profile: "default"
2022-04-08 11:55:45,449 INFO i.g.d.DemoSpringApplication [main] Started DemoSpringApplication in 4.9 seconds (JVM running for 16.102)
2022-04-08 11:55:46,745 DEBUG i.g.d.s.DbFotoService [http-nio-8181-exec-2] sono in allPhoto di db fot service
2022-04-08 12:02:54,512 DEBUG i.g.d.DemoSpringApplication [main] Inizio main
2022-04-08 12:02:54,521 DEBUG i.g.d.DemoSpringApplication [main] Inizio main
2022-04-08 12:02:54,532 DEBUG i.g.d.DemoSpringApplication [main] Inizio main
2022-04-08 12:02:56,370 INFO i.g.d.DemoSpringApplication [main] Starting DemoSpringApplication using Java 1.8.0_241 on PC2823 with PID 24196 (C:\Graziano Sviluppo-Studio\demoSpring\demoSpring\target\classes started by u03240 in C:\Graziano Sviluppo-Studio\demoSpring\demoSpring)
2022-04-08 12:02:56,384 DEBUG i.g.d.DemoSpringApplication [main] Running with Spring Boot v2.6.6, Spring v5.3.18
2022-04-08 12:02:56,385 INFO i.g.d.DemoSpringApplication [main] No active profile set, falling back to 1 default profile: "default"
2022-04-08 12:02:56,447 INFO i.g.d.DemoSpringApplication [main] Starting DemoSpringApplication using Java 1.8.0_241 on PC2823 with PID 3304 (C:\Graziano Sviluppo-Studio\demoSpring\demoSpring\target\classes started by u03240 in C:\Graziano Sviluppo-Studio\demoSpring\demoSpring)
2022-04-08 12:02:56,457 DEBUG i.g.d.DemoSpringApplication [main] Running with Spring Boot v2.6.6, Spring v5.3.18
2022-04-08 12:02:56,458 INFO i.g.d.DemoSpringApplication [main] No active profile set, falling back to 1 default profile: "default"
2022-04-08 12:02:56,462 INFO i.g.d.DemoSpringApplication [main] Starting DemoSpringApplication using Java 1.8.0_241 on PC2823 with PID 28732 (C:\Graziano Sviluppo-Studio\demoSpring\demoSpring\target\classes started by u03240 in C:\Graziano Sviluppo-Studio\demoSpring\demoSpring)
2022-04-08 12:02:56,481 DEBUG i.g.d.DemoSpringApplication [main] Running with Spring Boot v2.6.6, Spring v5.3.18
2022-04-08 12:02:56,485 INFO i.g.d.DemoSpringApplication [main] No active profile set, falling back to 1 default profile: "default"
2022-04-08 12:04:08,370 INFO i.g.d.DemoSpringApplicationTests [main] Starting DemoSpringApplicationTests using Java 1.8.0_241 on PC2823 with PID 19576 (started by u03240 in C:\Graziano Sviluppo-Studio\demoSpring\demoSpring)
2022-04-08 12:04:08,566 DEBUG i.g.d.DemoSpringApplicationTests [main] Running with Spring Boot v2.6.6, Spring v5.3.18
2022-04-08 12:04:08,575 INFO i.g.d.DemoSpringApplicationTests [main] No active profile set, falling back to 1 default profile: "default"
2022-04-08 12:04:30,686 ERROR o.s.t.c.TestContextManager [main] Caught exception while allowing TestExecutionListener [org.springframework.test.context.web.ServletTestExecutionListener@29eda4f8] to prepare test instance [it.guerino.demoSpring.DemoSpringApplicationTests@1b9776f5]
java.lang.IllegalStateException: Failed to load ApplicationContext
	at org.springframework.test.context.cache.DefaultCacheAwareContextLoaderDelegate.loadContext(DefaultCacheAwareContextLoaderDelegate.java:132) ~[spring-test-5.3.18.jar:5.3.18]
	at org.springframework.test.context.support.DefaultTestContext.getApplicationContext(DefaultTestContext.java:124) ~[spring-test-5.3.18.jar:5.3.18]
	at org.springframework.test.context.web.ServletTestExecutionListener.setUpRequestContextIfNecessary(ServletTestExecutionListener.java:190) ~[spring-test-5.3.18.jar:5.3.18]
	at org.springframework.test.context.web.ServletTestExecutionListener.prepareTestInstance(ServletTestExecutionListener.java:132) ~[spring-test-5.3.18.jar:5.3.18]
	at org.springframework.test.context.TestContextManager.prepareTestInstance(TestContextManager.java:248) ~[spring-test-5.3.18.jar:5.3.18]
	at org.springframework.test.context.junit.jupiter.SpringExtension.postProcessTestInstance(SpringExtension.java:138) ~[spring-test-5.3.18.jar:5.3.18]
	at org.junit.jupiter.engine.descriptor.ClassBasedTestDescriptor.lambda$invokeTestInstancePostProcessors$8(ClassBasedTestDescriptor.java:363) ~[junit-jupiter-engine-5.8.2.jar:5.8.2]
	at org.junit.jupiter.engine.descriptor.ClassBasedTestDescriptor.executeAndMaskThrowable(ClassBasedTestDescriptor.java:368) ~[junit-jupiter-engine-5.8.2.jar:5.8.2]
	at org.junit.jupiter.engine.descriptor.ClassBasedTestDescriptor.lambda$invokeTestInstancePostProcessors$9(ClassBasedTestDescriptor.java:363) ~[junit-jupiter-engine-5.8.2.jar:5.8.2]
	at java.util.stream.ReferencePipeline$3$1.accept(Unknown Source) ~[?:1.8.0_241]
	at java.util.stream.ReferencePipeline$2$1.accept(Unknown Source) ~[?:1.8.0_241]
	at java.util.ArrayList$ArrayListSpliterator.forEachRemaining(Unknown Source) ~[?:1.8.0_241]
	at java.util.stream.AbstractPipeline.copyInto(Unknown Source) ~[?:1.8.0_241]
	at java.util.stream.AbstractPipeline.wrapAndCopyInto(Unknown Source) ~[?:1.8.0_241]
	at java.util.stream.StreamSpliterators$WrappingSpliterator.forEachRemaining(Unknown Source) ~[?:1.8.0_241]
	at java.util.stream.Streams$ConcatSpliterator.forEachRemaining(Unknown Source) ~[?:1.8.0_241]
	at java.util.stream.Streams$ConcatSpliterator.forEachRemaining(Unknown Source) ~[?:1.8.0_241]
	at java.util.stream.ReferencePipeline$Head.forEach(Unknown Source) ~[?:1.8.0_241]
	at org.junit.jupiter.engine.descriptor.ClassBasedTestDescriptor.invokeTestInstancePostProcessors(ClassBasedTestDescriptor.java:362) ~[junit-jupiter-engine-5.8.2.jar:5.8.2]
	at org.junit.jupiter.engine.descriptor.ClassBasedTestDescriptor.lambda$instantiateAndPostProcessTestInstance$6(ClassBasedTestDescriptor.java:283) ~[junit-jupiter-engine-5.8.2.jar:5.8.2]
	at org.junit.platform.engine.support.hierarchical.ThrowableCollector.execute(ThrowableCollector.java:73) ~[junit-platform-engine-1.8.2.jar:1.8.2]
	at org.junit.jupiter.engine.descriptor.ClassBasedTestDescriptor.instantiateAndPostProcessTestInstance(ClassBasedTestDescriptor.java:282) ~[junit-jupiter-engine-5.8.2.jar:5.8.2]
	at org.junit.jupiter.engine.descriptor.ClassBasedTestDescriptor.lambda$testInstancesProvider$4(ClassBasedTestDescriptor.java:272) ~[junit-jupiter-engine-5.8.2.jar:5.8.2]
	at java.util.Optional.orElseGet(Unknown Source) ~[?:1.8.0_241]
	at org.junit.jupiter.engine.descriptor.ClassBasedTestDescriptor.lambda$testInstancesProvider$5(ClassBasedTestDescriptor.java:271) ~[junit-jupiter-engine-5.8.2.jar:5.8.2]
	at org.junit.jupiter.engine.execution.TestInstancesProvider.getTestInstances(TestInstancesProvider.java:31) ~[junit-jupiter-engine-5.8.2.jar:5.8.2]
	at org.junit.jupiter.engine.descriptor.TestMethodTestDescriptor.lambda$prepare$0(TestMethodTestDescriptor.java:102) ~[junit-jupiter-engine-5.8.2.jar:5.8.2]
	at org.junit.platform.engine.support.hierarchical.ThrowableCollector.execute(ThrowableCollector.java:73) ~[junit-platform-engine-1.8.2.jar:1.8.2]
	at org.junit.jupiter.engine.descriptor.TestMethodTestDescriptor.prepare(TestMethodTestDescriptor.java:101) ~[junit-jupiter-engine-5.8.2.jar:5.8.2]
	at org.junit.jupiter.engine.descriptor.TestMethodTestDescriptor.prepare(TestMethodTestDescriptor.java:66) ~[junit-jupiter-engine-5.8.2.jar:5.8.2]
	at org.junit.platform.engine.support.hierarchical.NodeTestTask.lambda$prepare$2(NodeTestTask.java:123) ~[junit-platform-engine-1.8.2.jar:1.8.2]
	at org.junit.platform.engine.support.hierarchical.ThrowableCollector.execute(ThrowableCollector.java:73) ~[junit-platform-engine-1.8.2.jar:1.8.2]
	at org.junit.platform.engine.support.hierarchical.NodeTestTask.prepare(NodeTestTask.java:123) ~[junit-platform-engine-1.8.2.jar:1.8.2]
	at org.junit.platform.engine.support.hierarchical.NodeTestTask.execute(NodeTestTask.java:90) ~[junit-platform-engine-1.8.2.jar:1.8.2]
	at java.util.ArrayList.forEach(Unknown Source) ~[?:1.8.0_241]
	at org.junit.platform.engine.support.hierarchical.SameThreadHierarchicalTestExecutorService.invokeAll(SameThreadHierarchicalTestExecutorService.java:41) ~[junit-platform-engine-1.8.2.jar:1.8.2]
	at org.junit.platform.engine.support.hierarchical.NodeTestTask.lambda$executeRecursively$6(NodeTestTask.java:155) ~[junit-platform-engine-1.8.2.jar:1.8.2]
	at org.junit.platform.engine.support.hierarchical.ThrowableCollector.execute(ThrowableCollector.java:73) ~[junit-platform-engine-1.8.2.jar:1.8.2]
	at org.junit.platform.engine.support.hierarchical.NodeTestTask.lambda$executeRecursively$8(NodeTestTask.java:141) ~[junit-platform-engine-1.8.2.jar:1.8.2]
	at org.junit.platform.engine.support.hierarchical.Node.around(Node.java:137) ~[junit-platform-engine-1.8.2.jar:1.8.2]
	at org.junit.platform.engine.support.hierarchical.NodeTestTask.lambda$executeRecursively$9(NodeTestTask.java:139) ~[junit-platform-engine-1.8.2.jar:1.8.2]
	at org.junit.platform.engine.support.hierarchical.ThrowableCollector.execute(ThrowableCollector.java:73) ~[junit-platform-engine-1.8.2.jar:1.8.2]
	at org.junit.platform.engine.support.hierarchical.NodeTestTask.executeRecursively(NodeTestTask.java:138) ~[junit-platform-engine-1.8.2.jar:1.8.2]
	at org.junit.platform.engine.support.hierarchical.NodeTestTask.execute(NodeTestTask.java:95) ~[junit-platform-engine-1.8.2.jar:1.8.2]
	at java.util.ArrayList.forEach(Unknown Source) ~[?:1.8.0_241]
	at org.junit.platform.engine.support.hierarchical.SameThreadHierarchicalTestExecutorService.invokeAll(SameThreadHierarchicalTestExecutorService.java:41) ~[junit-platform-engine-1.8.2.jar:1.8.2]
	at org.junit.platform.engine.support.hierarchical.NodeTestTask.lambda$executeRecursively$6(NodeTestTask.java:155) ~[junit-platform-engine-1.8.2.jar:1.8.2]
	at org.junit.platform.engine.support.hierarchical.ThrowableCollector.execute(ThrowableCollector.java:73) ~[junit-platform-engine-1.8.2.jar:1.8.2]
	at org.junit.platform.engine.support.hierarchical.NodeTestTask.lambda$executeRecursively$8(NodeTestTask.java:141) ~[junit-platform-engine-1.8.2.jar:1.8.2]
	at org.junit.platform.engine.support.hierarchical.Node.around(Node.java:137) ~[junit-platform-engine-1.8.2.jar:1.8.2]
	at org.junit.platform.engine.support.hierarchical.NodeTestTask.lambda$executeRecursively$9(NodeTestTask.java:139) ~[junit-platform-engine-1.8.2.jar:1.8.2]
	at org.junit.platform.engine.support.hierarchical.ThrowableCollector.execute(ThrowableCollector.java:73) ~[junit-platform-engine-1.8.2.jar:1.8.2]
	at org.junit.platform.engine.support.hierarchical.NodeTestTask.executeRecursively(NodeTestTask.java:138) ~[junit-platform-engine-1.8.2.jar:1.8.2]
	at org.junit.platform.engine.support.hierarchical.NodeTestTask.execute(NodeTestTask.java:95) ~[junit-platform-engine-1.8.2.jar:1.8.2]
	at org.junit.platform.engine.support.hierarchical.SameThreadHierarchicalTestExecutorService.submit(SameThreadHierarchicalTestExecutorService.java:35) ~[junit-platform-engine-1.8.2.jar:1.8.2]
	at org.junit.platform.engine.support.hierarchical.HierarchicalTestExecutor.execute(HierarchicalTestExecutor.java:57) ~[junit-platform-engine-1.8.2.jar:1.8.2]
	at org.junit.platform.engine.support.hierarchical.HierarchicalTestEngine.execute(HierarchicalTestEngine.java:54) ~[junit-platform-engine-1.8.2.jar:1.8.2]
	at org.junit.platform.launcher.core.DefaultLauncher.execute(DefaultLauncher.java:220) ~[junit-platform-launcher-1.3.1.jar:1.3.1]
	at org.junit.platform.launcher.core.DefaultLauncher.lambda$execute$6(DefaultLauncher.java:188) ~[junit-platform-launcher-1.3.1.jar:1.3.1]
	at org.junit.platform.launcher.core.DefaultLauncher.withInterceptedStreams(DefaultLauncher.java:202) ~[junit-platform-launcher-1.3.1.jar:1.3.1]
	at org.junit.platform.launcher.core.DefaultLauncher.execute(DefaultLauncher.java:181) ~[junit-platform-launcher-1.3.1.jar:1.3.1]
	at org.junit.platform.launcher.core.DefaultLauncher.execute(DefaultLauncher.java:128) ~[junit-platform-launcher-1.3.1.jar:1.3.1]
	at org.apache.maven.surefire.junitplatform.JUnitPlatformProvider.invokeAllTests(JUnitPlatformProvider.java:150) ~[surefire-junit-platform-2.22.2.jar:2.22.2]
	at org.apache.maven.surefire.junitplatform.JUnitPlatformProvider.invoke(JUnitPlatformProvider.java:124) ~[surefire-junit-platform-2.22.2.jar:2.22.2]
	at org.apache.maven.surefire.booter.ForkedBooter.invokeProviderInSameClassLoader(ForkedBooter.java:384) ~[surefire-booter-2.22.2.jar:2.22.2]
	at org.apache.maven.surefire.booter.ForkedBooter.runSuitesInProcess(ForkedBooter.java:345) ~[surefire-booter-2.22.2.jar:2.22.2]
	at org.apache.maven.surefire.booter.ForkedBooter.execute(ForkedBooter.java:126) ~[surefire-booter-2.22.2.jar:2.22.2]
	at org.apache.maven.surefire.booter.ForkedBooter.main(ForkedBooter.java:418) ~[surefire-booter-2.22.2.jar:2.22.2]
Caused by: org.springframework.beans.factory.UnsatisfiedDependencyException: Error creating bean with name 'dataSourceScriptDatabaseInitializer' defined in class path resource [org/springframework/boot/autoconfigure/sql/init/DataSourceInitializationConfiguration.class]: Unsatisfied dependency expressed through method 'dataSourceScriptDatabaseInitializer' parameter 0; nested exception is org.springframework.beans.factory.BeanCreationException: Error creating bean with name 'dataSource' defined in class path resource [org/springframework/boot/autoconfigure/jdbc/DataSourceConfiguration$Hikari.class]: Bean instantiation via factory method failed; nested exception is org.springframework.beans.BeanInstantiationException: Failed to instantiate [com.zaxxer.hikari.HikariDataSource]: Factory method 'dataSource' threw exception; nested exception is org.springframework.boot.autoconfigure.jdbc.DataSourceProperties$DataSourceBeanCreationException: Failed to determine a suitable driver class
	at org.springframework.beans.factory.support.ConstructorResolver.createArgumentArray(ConstructorResolver.java:800) ~[spring-beans-5.3.18.jar:5.3.18]
	at org.springframework.beans.factory.support.ConstructorResolver.instantiateUsingFactoryMethod(ConstructorResolver.java:541) ~[spring-beans-5.3.18.jar:5.3.18]
	at org.springframework.beans.factory.support.AbstractAutowireCapableBeanFactory.instantiateUsingFactoryMethod(AbstractAutowireCapableBeanFactory.java:1352) ~[spring-beans-5.3.18.jar:5.3.18]
	at org.springframework.beans.factory.support.AbstractAutowireCapableBeanFactory.createBeanInstance(AbstractAutowireCapableBeanFactory.java:1195) ~[spring-beans-5.3.18.jar:5.3.18]
	at org.springframework.beans.factory.support.AbstractAutowireCapableBeanFactory.doCreateBean(AbstractAutowireCapableBeanFactory.java:582) ~[spring-beans-5.3.18.jar:5.3.18]
	at org.springframework.beans.factory.support.AbstractAutowireCapableBeanFactory.createBean(AbstractAutowireCapableBeanFactory.java:542) ~[spring-beans-5.3.18.jar:5.3.18]
	at org.springframework.beans.factory.support.AbstractBeanFactory.lambda$doGetBean$0(AbstractBeanFactory.java:335) ~[spring-beans-5.3.18.jar:5.3.18]
	at org.springframework.beans.factory.support.DefaultSingletonBeanRegistry.getSingleton(DefaultSingletonBeanRegistry.java:234) ~[spring-beans-5.3.18.jar:5.3.18]
	at org.springframework.beans.factory.support.AbstractBeanFactory.doGetBean(AbstractBeanFactory.java:333) ~[spring-beans-5.3.18.jar:5.3.18]
	at org.springframework.beans.factory.support.AbstractBeanFactory.getBean(AbstractBeanFactory.java:208) ~[spring-beans-5.3.18.jar:5.3.18]
	at org.springframework.beans.factory.support.AbstractBeanFactory.doGetBean(AbstractBeanFactory.java:322) ~[spring-beans-5.3.18.jar:5.3.18]
	at org.springframework.beans.factory.support.AbstractBeanFactory.getBean(AbstractBeanFactory.java:208) ~[spring-beans-5.3.18.jar:5.3.18]
	at org.springframework.context.support.AbstractApplicationContext.getBean(AbstractApplicationContext.java:1154) ~[spring-context-5.3.18.jar:5.3.18]
	at org.springframework.context.support.AbstractApplicationContext.finishBeanFactoryInitialization(AbstractApplicationContext.java:908) ~[spring-context-5.3.18.jar:5.3.18]
	at org.springframework.context.support.AbstractApplicationContext.refresh(AbstractApplicationContext.java:583) ~[spring-context-5.3.18.jar:5.3.18]
	at org.springframework.boot.SpringApplication.refresh(SpringApplication.java:740) ~[spring-boot-2.6.6.jar:2.6.6]
	at org.springframework.boot.SpringApplication.refreshContext(SpringApplication.java:415) ~[spring-boot-2.6.6.jar:2.6.6]
	at org.springframework.boot.SpringApplication.run(SpringApplication.java:303) ~[spring-boot-2.6.6.jar:2.6.6]
	at org.springframework.boot.test.context.SpringBootContextLoader.loadContext(SpringBootContextLoader.java:136) ~[spring-boot-test-2.6.6.jar:2.6.6]
	at org.springframework.test.context.cache.DefaultCacheAwareContextLoaderDelegate.loadContextInternal(DefaultCacheAwareContextLoaderDelegate.java:99) ~[spring-test-5.3.18.jar:5.3.18]
	at org.springframework.test.context.cache.DefaultCacheAwareContextLoaderDelegate.loadContext(DefaultCacheAwareContextLoaderDelegate.java:124) ~[spring-test-5.3.18.jar:5.3.18]
	... 67 more
Caused by: org.springframework.beans.factory.BeanCreationException: Error creating bean with name 'dataSource' defined in class path resource [org/springframework/boot/autoconfigure/jdbc/DataSourceConfiguration$Hikari.class]: Bean instantiation via factory method failed; nested exception is org.springframework.beans.BeanInstantiationException: Failed to instantiate [com.zaxxer.hikari.HikariDataSource]: Factory method 'dataSource' threw exception; nested exception is org.springframework.boot.autoconfigure.jdbc.DataSourceProperties$DataSourceBeanCreationException: Failed to determine a suitable driver class
	at org.springframework.beans.factory.support.ConstructorResolver.instantiate(ConstructorResolver.java:658) ~[spring-beans-5.3.18.jar:5.3.18]
	at org.springframework.beans.factory.support.ConstructorResolver.instantiateUsingFactoryMethod(ConstructorResolver.java:638) ~[spring-beans-5.3.18.jar:5.3.18]
	at org.springframework.beans.factory.support.AbstractAutowireCapableBeanFactory.instantiateUsingFactoryMethod(AbstractAutowireCapableBeanFactory.java:1352) ~[spring-beans-5.3.18.jar:5.3.18]
	at org.springframework.beans.factory.support.AbstractAutowireCapableBeanFactory.createBeanInstance(AbstractAutowireCapableBeanFactory.java:1195) ~[spring-beans-5.3.18.jar:5.3.18]
	at org.springframework.beans.factory.support.AbstractAutowireCapableBeanFactory.doCreateBean(AbstractAutowireCapableBeanFactory.java:582) ~[spring-beans-5.3.18.jar:5.3.18]
	at org.springframework.beans.factory.support.AbstractAutowireCapableBeanFactory.createBean(AbstractAutowireCapableBeanFactory.java:542) ~[spring-beans-5.3.18.jar:5.3.18]
	at org.springframework.beans.factory.support.AbstractBeanFactory.lambda$doGetBean$0(AbstractBeanFactory.java:335) ~[spring-beans-5.3.18.jar:5.3.18]
	at org.springframework.beans.factory.support.DefaultSingletonBeanRegistry.getSingleton(DefaultSingletonBeanRegistry.java:234) ~[spring-beans-5.3.18.jar:5.3.18]
	at org.springframework.beans.factory.support.AbstractBeanFactory.doGetBean(AbstractBeanFactory.java:333) ~[spring-beans-5.3.18.jar:5.3.18]
	at org.springframework.beans.factory.support.AbstractBeanFactory.getBean(AbstractBeanFactory.java:208) ~[spring-beans-5.3.18.jar:5.3.18]
	at org.springframework.beans.factory.config.DependencyDescriptor.resolveCandidate(DependencyDescriptor.java:276) ~[spring-beans-5.3.18.jar:5.3.18]
	at org.springframework.beans.factory.support.DefaultListableBeanFactory.doResolveDependency(DefaultListableBeanFactory.java:1389) ~[spring-beans-5.3.18.jar:5.3.18]
	at org.springframework.beans.factory.support.DefaultListableBeanFactory.resolveDependency(DefaultListableBeanFactory.java:1309) ~[spring-beans-5.3.18.jar:5.3.18]
	at org.springframework.beans.factory.support.ConstructorResolver.resolveAutowiredArgument(ConstructorResolver.java:887) ~[spring-beans-5.3.18.jar:5.3.18]
	at org.springframework.beans.factory.support.ConstructorResolver.createArgumentArray(ConstructorResolver.java:791) ~[spring-beans-5.3.18.jar:5.3.18]
	at org.springframework.beans.factory.support.ConstructorResolver.instantiateUsingFactoryMethod(ConstructorResolver.java:541) ~[spring-beans-5.3.18.jar:5.3.18]
	at org.springframework.beans.factory.support.AbstractAutowireCapableBeanFactory.instantiateUsingFactoryMethod(AbstractAutowireCapableBeanFactory.java:1352) ~[spring-beans-5.3.18.jar:5.3.18]
	at org.springframework.beans.factory.support.AbstractAutowireCapableBeanFactory.createBeanInstance(AbstractAutowireCapableBeanFactory.java:1195) ~[spring-beans-5.3.18.jar:5.3.18]
	at org.springframework.beans.factory.support.AbstractAutowireCapableBeanFactory.doCreateBean(AbstractAutowireCapableBeanFactory.java:582) ~[spring-beans-5.3.18.jar:5.3.18]
	at org.springframework.beans.factory.support.AbstractAutowireCapableBeanFactory.createBean(AbstractAutowireCapableBeanFactory.java:542) ~[spring-beans-5.3.18.jar:5.3.18]
	at org.springframework.beans.factory.support.AbstractBeanFactory.lambda$doGetBean$0(AbstractBeanFactory.java:335) ~[spring-beans-5.3.18.jar:5.3.18]
	at org.springframework.beans.factory.support.DefaultSingletonBeanRegistry.getSingleton(DefaultSingletonBeanRegistry.java:234) ~[spring-beans-5.3.18.jar:5.3.18]
	at org.springframework.beans.factory.support.AbstractBeanFactory.doGetBean(AbstractBeanFactory.java:333) ~[spring-beans-5.3.18.jar:5.3.18]
	at org.springframework.beans.factory.support.AbstractBeanFactory.getBean(AbstractBeanFactory.java:208) ~[spring-beans-5.3.18.jar:5.3.18]
	at org.springframework.beans.factory.support.AbstractBeanFactory.doGetBean(AbstractBeanFactory.java:322) ~[spring-beans-5.3.18.jar:5.3.18]
	at org.springframework.beans.factory.support.AbstractBeanFactory.getBean(AbstractBeanFactory.java:208) ~[spring-beans-5.3.18.jar:5.3.18]
	at org.springframework.context.support.AbstractApplicationContext.getBean(AbstractApplicationContext.java:1154) ~[spring-context-5.3.18.jar:5.3.18]
	at org.springframework.context.support.AbstractApplicationContext.finishBeanFactoryInitialization(AbstractApplicationContext.java:908) ~[spring-context-5.3.18.jar:5.3.18]
	at org.springframework.context.support.AbstractApplicationContext.refresh(AbstractApplicationContext.java:583) ~[spring-context-5.3.18.jar:5.3.18]
	at org.springframework.boot.SpringApplication.refresh(SpringApplication.java:740) ~[spring-boot-2.6.6.jar:2.6.6]
	at org.springframework.boot.SpringApplication.refreshContext(SpringApplication.java:415) ~[spring-boot-2.6.6.jar:2.6.6]
	at org.springframework.boot.SpringApplication.run(SpringApplication.java:303) ~[spring-boot-2.6.6.jar:2.6.6]
	at org.springframework.boot.test.context.SpringBootContextLoader.loadContext(SpringBootContextLoader.java:136) ~[spring-boot-test-2.6.6.jar:2.6.6]
	at org.springframework.test.context.cache.DefaultCacheAwareContextLoaderDelegate.loadContextInternal(DefaultCacheAwareContextLoaderDelegate.java:99) ~[spring-test-5.3.18.jar:5.3.18]
	at org.springframework.test.context.cache.DefaultCacheAwareContextLoaderDelegate.loadContext(DefaultCacheAwareContextLoaderDelegate.java:124) ~[spring-test-5.3.18.jar:5.3.18]
	... 67 more
Caused by: org.springframework.beans.BeanInstantiationException: Failed to instantiate [com.zaxxer.hikari.HikariDataSource]: Factory method 'dataSource' threw exception; nested exception is org.springframework.boot.autoconfigure.jdbc.DataSourceProperties$DataSourceBeanCreationException: Failed to determine a suitable driver class
	at org.springframework.beans.factory.support.SimpleInstantiationStrategy.instantiate(SimpleInstantiationStrategy.java:185) ~[spring-beans-5.3.18.jar:5.3.18]
	at org.springframework.beans.factory.support.ConstructorResolver.instantiate(ConstructorResolver.java:653) ~[spring-beans-5.3.18.jar:5.3.18]
	at org.springframework.beans.factory.support.ConstructorResolver.instantiateUsingFactoryMethod(ConstructorResolver.java:638) ~[spring-beans-5.3.18.jar:5.3.18]
	at org.springframework.beans.factory.support.AbstractAutowireCapableBeanFactory.instantiateUsingFactoryMethod(AbstractAutowireCapableBeanFactory.java:1352) ~[spring-beans-5.3.18.jar:5.3.18]
	at org.springframework.beans.factory.support.AbstractAutowireCapableBeanFactory.createBeanInstance(AbstractAutowireCapableBeanFactory.java:1195) ~[spring-beans-5.3.18.jar:5.3.18]
	at org.springframework.beans.factory.support.AbstractAutowireCapableBeanFactory.doCreateBean(AbstractAutowireCapableBeanFactory.java:582) ~[spring-beans-5.3.18.jar:5.3.18]
	at org.springframework.beans.factory.support.AbstractAutowireCapableBeanFactory.createBean(AbstractAutowireCapableBeanFactory.java:542) ~[spring-beans-5.3.18.jar:5.3.18]
	at org.springframework.beans.factory.support.AbstractBeanFactory.lambda$doGetBean$0(AbstractBeanFactory.java:335) ~[spring-beans-5.3.18.jar:5.3.18]
	at org.springframework.beans.factory.support.DefaultSingletonBeanRegistry.getSingleton(DefaultSingletonBeanRegistry.java:234) ~[spring-beans-5.3.18.jar:5.3.18]
	at org.springframework.beans.factory.support.AbstractBeanFactory.doGetBean(AbstractBeanFactory.java:333) ~[spring-beans-5.3.18.jar:5.3.18]
	at org.springframework.beans.factory.support.AbstractBeanFactory.getBean(AbstractBeanFactory.java:208) ~[spring-beans-5.3.18.jar:5.3.18]
	at org.springframework.beans.factory.config.DependencyDescriptor.resolveCandidate(DependencyDescriptor.java:276) ~[spring-beans-5.3.18.jar:5.3.18]
	at org.springframework.beans.factory.support.DefaultListableBeanFactory.doResolveDependency(DefaultListableBeanFactory.java:1389) ~[spring-beans-5.3.18.jar:5.3.18]
	at org.springframework.beans.factory.support.DefaultListableBeanFactory.resolveDependency(DefaultListableBeanFactory.java:1309) ~[spring-beans-5.3.18.jar:5.3.18]
	at org.springframework.beans.factory.support.ConstructorResolver.resolveAutowiredArgument(ConstructorResolver.java:887) ~[spring-beans-5.3.18.jar:5.3.18]
	at org.springframework.beans.factory.support.ConstructorResolver.createArgumentArray(ConstructorResolver.java:791) ~[spring-beans-5.3.18.jar:5.3.18]
	at org.springframework.beans.factory.support.ConstructorResolver.instantiateUsingFactoryMethod(ConstructorResolver.java:541) ~[spring-beans-5.3.18.jar:5.3.18]
	at org.springframework.beans.factory.support.AbstractAutowireCapableBeanFactory.instantiateUsingFactoryMethod(AbstractAutowireCapableBeanFactory.java:1352) ~[spring-beans-5.3.18.jar:5.3.18]
	at org.springframework.beans.factory.support.AbstractAutowireCapableBeanFactory.createBeanInstance(AbstractAutowireCapableBeanFactory.java:1195) ~[spring-beans-5.3.18.jar:5.3.18]
	at org.springframework.beans.factory.support.AbstractAutowireCapableBeanFactory.doCreateBean(AbstractAutowireCapableBeanFactory.java:582) ~[spring-beans-5.3.18.jar:5.3.18]
	at org.springframework.beans.factory.support.AbstractAutowireCapableBeanFactory.createBean(AbstractAutowireCapableBeanFactory.java:542) ~[spring-beans-5.3.18.jar:5.3.18]
	at org.springframework.beans.factory.support.AbstractBeanFactory.lambda$doGetBean$0(AbstractBeanFactory.java:335) ~[spring-beans-5.3.18.jar:5.3.18]
	at org.springframework.beans.factory.support.DefaultSingletonBeanRegistry.getSingleton(DefaultSingletonBeanRegistry.java:234) ~[spring-beans-5.3.18.jar:5.3.18]
	at org.springframework.beans.factory.support.AbstractBeanFactory.doGetBean(AbstractBeanFactory.java:333) ~[spring-beans-5.3.18.jar:5.3.18]
	at org.springframework.beans.factory.support.AbstractBeanFactory.getBean(AbstractBeanFactory.java:208) ~[spring-beans-5.3.18.jar:5.3.18]
	at org.springframework.beans.factory.support.AbstractBeanFactory.doGetBean(AbstractBeanFactory.java:322) ~[spring-beans-5.3.18.jar:5.3.18]
	at org.springframework.beans.factory.support.AbstractBeanFactory.getBean(AbstractBeanFactory.java:208) ~[spring-beans-5.3.18.jar:5.3.18]
	at org.springframework.context.support.AbstractApplicationContext.getBean(AbstractApplicationContext.java:1154) ~[spring-context-5.3.18.jar:5.3.18]
	at org.springframework.context.support.AbstractApplicationContext.finishBeanFactoryInitialization(AbstractApplicationContext.java:908) ~[spring-context-5.3.18.jar:5.3.18]
	at org.springframework.context.support.AbstractApplicationContext.refresh(AbstractApplicationContext.java:583) ~[spring-context-5.3.18.jar:5.3.18]
	at org.springframework.boot.SpringApplication.refresh(SpringApplication.java:740) ~[spring-boot-2.6.6.jar:2.6.6]
	at org.springframework.boot.SpringApplication.refreshContext(SpringApplication.java:415) ~[spring-boot-2.6.6.jar:2.6.6]
	at org.springframework.boot.SpringApplication.run(SpringApplication.java:303) ~[spring-boot-2.6.6.jar:2.6.6]
	at org.springframework.boot.test.context.SpringBootContextLoader.loadContext(SpringBootContextLoader.java:136) ~[spring-boot-test-2.6.6.jar:2.6.6]
	at org.springframework.test.context.cache.DefaultCacheAwareContextLoaderDelegate.loadContextInternal(DefaultCacheAwareContextLoaderDelegate.java:99) ~[spring-test-5.3.18.jar:5.3.18]
	at org.springframework.test.context.cache.DefaultCacheAwareContextLoaderDelegate.loadContext(DefaultCacheAwareContextLoaderDelegate.java:124) ~[spring-test-5.3.18.jar:5.3.18]
	... 67 more
Caused by: org.springframework.boot.autoconfigure.jdbc.DataSourceProperties$DataSourceBeanCreationException: Failed to determine a suitable driver class
	at org.springframework.boot.autoconfigure.jdbc.DataSourceProperties.determineDriverClassName(DataSourceProperties.java:252) ~[spring-boot-autoconfigure-2.6.6.jar:2.6.6]
	at org.springframework.boot.autoconfigure.jdbc.DataSourceProperties.initializeDataSourceBuilder(DataSourceProperties.java:193) ~[spring-boot-autoconfigure-2.6.6.jar:2.6.6]
	at org.springframework.boot.autoconfigure.jdbc.DataSourceConfiguration.createDataSource(DataSourceConfiguration.java:48) ~[spring-boot-autoconfigure-2.6.6.jar:2.6.6]
	at org.springframework.boot.autoconfigure.jdbc.DataSourceConfiguration$Hikari.dataSource(DataSourceConfiguration.java:90) ~[spring-boot-autoconfigure-2.6.6.jar:2.6.6]
	at sun.reflect.NativeMethodAccessorImpl.invoke0(Native Method) ~[?:1.8.0_241]
	at sun.reflect.NativeMethodAccessorImpl.invoke(Unknown Source) ~[?:1.8.0_241]
	at sun.reflect.DelegatingMethodAccessorImpl.invoke(Unknown Source) ~[?:1.8.0_241]
	at java.lang.reflect.Method.invoke(Unknown Source) ~[?:1.8.0_241]
	at org.springframework.beans.factory.support.SimpleInstantiationStrategy.instantiate(SimpleInstantiationStrategy.java:154) ~[spring-beans-5.3.18.jar:5.3.18]
	at org.springframework.beans.factory.support.ConstructorResolver.instantiate(ConstructorResolver.java:653) ~[spring-beans-5.3.18.jar:5.3.18]
	at org.springframework.beans.factory.support.ConstructorResolver.instantiateUsingFactoryMethod(ConstructorResolver.java:638) ~[spring-beans-5.3.18.jar:5.3.18]
	at org.springframework.beans.factory.support.AbstractAutowireCapableBeanFactory.instantiateUsingFactoryMethod(AbstractAutowireCapableBeanFactory.java:1352) ~[spring-beans-5.3.18.jar:5.3.18]
	at org.springframework.beans.factory.support.AbstractAutowireCapableBeanFactory.createBeanInstance(AbstractAutowireCapableBeanFactory.java:1195) ~[spring-beans-5.3.18.jar:5.3.18]
	at org.springframework.beans.factory.support.AbstractAutowireCapableBeanFactory.doCreateBean(AbstractAutowireCapableBeanFactory.java:582) ~[spring-beans-5.3.18.jar:5.3.18]
	at org.springframework.beans.factory.support.AbstractAutowireCapableBeanFactory.createBean(AbstractAutowireCapableBeanFactory.java:542) ~[spring-beans-5.3.18.jar:5.3.18]
	at org.springframework.beans.factory.support.AbstractBeanFactory.lambda$doGetBean$0(AbstractBeanFactory.java:335) ~[spring-beans-5.3.18.jar:5.3.18]
	at org.springframework.beans.factory.support.DefaultSingletonBeanRegistry.getSingleton(DefaultSingletonBeanRegistry.java:234) ~[spring-beans-5.3.18.jar:5.3.18]
	at org.springframework.beans.factory.support.AbstractBeanFactory.doGetBean(AbstractBeanFactory.java:333) ~[spring-beans-5.3.18.jar:5.3.18]
	at org.springframework.beans.factory.support.AbstractBeanFactory.getBean(AbstractBeanFactory.java:208) ~[spring-beans-5.3.18.jar:5.3.18]
	at org.springframework.beans.factory.config.DependencyDescriptor.resolveCandidate(DependencyDescriptor.java:276) ~[spring-beans-5.3.18.jar:5.3.18]
	at org.springframework.beans.factory.support.DefaultListableBeanFactory.doResolveDependency(DefaultListableBeanFactory.java:1389) ~[spring-beans-5.3.18.jar:5.3.18]
	at org.springframework.beans.factory.support.DefaultListableBeanFactory.resolveDependency(DefaultListableBeanFactory.java:1309) ~[spring-beans-5.3.18.jar:5.3.18]
	at org.springframework.beans.factory.support.ConstructorResolver.resolveAutowiredArgument(ConstructorResolver.java:887) ~[spring-beans-5.3.18.jar:5.3.18]
	at org.springframework.beans.factory.support.ConstructorResolver.createArgumentArray(ConstructorResolver.java:791) ~[spring-beans-5.3.18.jar:5.3.18]
	at org.springframework.beans.factory.support.ConstructorResolver.instantiateUsingFactoryMethod(ConstructorResolver.java:541) ~[spring-beans-5.3.18.jar:5.3.18]
	at org.springframework.beans.factory.support.AbstractAutowireCapableBeanFactory.instantiateUsingFactoryMethod(AbstractAutowireCapableBeanFactory.java:1352) ~[spring-beans-5.3.18.jar:5.3.18]
	at org.springframework.beans.factory.support.AbstractAutowireCapableBeanFactory.createBeanInstance(AbstractAutowireCapableBeanFactory.java:1195) ~[spring-beans-5.3.18.jar:5.3.18]
	at org.springframework.beans.factory.support.AbstractAutowireCapableBeanFactory.doCreateBean(AbstractAutowireCapableBeanFactory.java:582) ~[spring-beans-5.3.18.jar:5.3.18]
	at org.springframework.beans.factory.support.AbstractAutowireCapableBeanFactory.createBean(AbstractAutowireCapableBeanFactory.java:542) ~[spring-beans-5.3.18.jar:5.3.18]
	at org.springframework.beans.factory.support.AbstractBeanFactory.lambda$doGetBean$0(AbstractBeanFactory.java:335) ~[spring-beans-5.3.18.jar:5.3.18]
	at org.springframework.beans.factory.support.DefaultSingletonBeanRegistry.getSingleton(DefaultSingletonBeanRegistry.java:234) ~[spring-beans-5.3.18.jar:5.3.18]
	at org.springframework.beans.factory.support.AbstractBeanFactory.doGetBean(AbstractBeanFactory.java:333) ~[spring-beans-5.3.18.jar:5.3.18]
	at org.springframework.beans.factory.support.AbstractBeanFactory.getBean(AbstractBeanFactory.java:208) ~[spring-beans-5.3.18.jar:5.3.18]
	at org.springframework.beans.factory.support.AbstractBeanFactory.doGetBean(AbstractBeanFactory.java:322) ~[spring-beans-5.3.18.jar:5.3.18]
	at org.springframework.beans.factory.support.AbstractBeanFactory.getBean(AbstractBeanFactory.java:208) ~[spring-beans-5.3.18.jar:5.3.18]
	at org.springframework.context.support.AbstractApplicationContext.getBean(AbstractApplicationContext.java:1154) ~[spring-context-5.3.18.jar:5.3.18]
	at org.springframework.context.support.AbstractApplicationContext.finishBeanFactoryInitialization(AbstractApplicationContext.java:908) ~[spring-context-5.3.18.jar:5.3.18]
	at org.springframework.context.support.AbstractApplicationContext.refresh(AbstractApplicationContext.java:583) ~[spring-context-5.3.18.jar:5.3.18]
	at org.springframework.boot.SpringApplication.refresh(SpringApplication.java:740) ~[spring-boot-2.6.6.jar:2.6.6]
	at org.springframework.boot.SpringApplication.refreshContext(SpringApplication.java:415) ~[spring-boot-2.6.6.jar:2.6.6]
	at org.springframework.boot.SpringApplication.run(SpringApplication.java:303) ~[spring-boot-2.6.6.jar:2.6.6]
	at org.springframework.boot.test.context.SpringBootContextLoader.loadContext(SpringBootContextLoader.java:136) ~[spring-boot-test-2.6.6.jar:2.6.6]
	at org.springframework.test.context.cache.DefaultCacheAwareContextLoaderDelegate.loadContextInternal(DefaultCacheAwareContextLoaderDelegate.java:99) ~[spring-test-5.3.18.jar:5.3.18]
	at org.springframework.test.context.cache.DefaultCacheAwareContextLoaderDelegate.loadContext(DefaultCacheAwareContextLoaderDelegate.java:124) ~[spring-test-5.3.18.jar:5.3.18]
	... 67 more
2022-04-08 12:32:07,587 DEBUG i.g.d.DemoSpringApplication [main] Inizio main
2022-04-08 12:32:08,266 INFO i.g.d.DemoSpringApplication [main] Starting DemoSpringApplication using Java 1.8.0_241 on PC2823 with PID 29448 (C:\Graziano Sviluppo-Studio\demoSpring\demoSpring\target\classes started by u03240 in C:\Graziano Sviluppo-Studio\demoSpring\demoSpring)
2022-04-08 12:32:08,272 DEBUG i.g.d.DemoSpringApplication [main] Running with Spring Boot v2.6.6, Spring v5.3.18
2022-04-08 12:32:08,273 INFO i.g.d.DemoSpringApplication [main] No active profile set, falling back to 1 default profile: "default"
2022-04-08 12:35:24,161 DEBUG i.g.d.DemoSpringApplication [main] Inizio main
2022-04-08 12:35:24,910 INFO i.g.d.DemoSpringApplication [main] Starting DemoSpringApplication using Java 1.8.0_241 on PC2823 with PID 11016 (C:\Graziano Sviluppo-Studio\demoSpring\demoSpring\target\classes started by u03240 in C:\Graziano Sviluppo-Studio\demoSpring\demoSpring)
2022-04-08 12:35:24,916 DEBUG i.g.d.DemoSpringApplication [main] Running with Spring Boot v2.6.6, Spring v5.3.18
2022-04-08 12:35:24,918 INFO i.g.d.DemoSpringApplication [main] No active profile set, falling back to 1 default profile: "default"
2022-04-08 12:36:33,653 DEBUG i.g.d.DemoSpringApplication [main] Inizio main
2022-04-08 12:36:34,267 INFO i.g.d.DemoSpringApplication [main] Starting DemoSpringApplication using Java 1.8.0_241 on PC2823 with PID 20548 (C:\Graziano Sviluppo-Studio\demoSpring\demoSpring\target\classes started by u03240 in C:\Graziano Sviluppo-Studio\demoSpring\demoSpring)
2022-04-08 12:36:34,273 DEBUG i.g.d.DemoSpringApplication [main] Running with Spring Boot v2.6.6, Spring v5.3.18
2022-04-08 12:36:34,275 INFO i.g.d.DemoSpringApplication [main] No active profile set, falling back to 1 default profile: "default"
2022-04-08 12:38:02,308 DEBUG i.g.d.DemoSpringApplication [main] Inizio main
2022-04-08 12:38:02,990 INFO i.g.d.DemoSpringApplication [main] Starting DemoSpringApplication using Java 1.8.0_241 on PC2823 with PID 28848 (C:\Graziano Sviluppo-Studio\demoSpring\demoSpring\target\classes started by u03240 in C:\Graziano Sviluppo-Studio\demoSpring\demoSpring)
2022-04-08 12:38:03,003 DEBUG i.g.d.DemoSpringApplication [main] Running with Spring Boot v2.6.6, Spring v5.3.18
2022-04-08 12:38:03,008 INFO i.g.d.DemoSpringApplication [main] No active profile set, falling back to 1 default profile: "default"
2022-04-08 12:41:58,700 DEBUG i.g.d.DemoSpringApplication [main] Inizio main
2022-04-08 12:41:59,272 INFO i.g.d.DemoSpringApplication [main] Starting DemoSpringApplication using Java 1.8.0_241 on PC2823 with PID 21924 (C:\Graziano Sviluppo-Studio\demoSpring\demoSpring\target\classes started by u03240 in C:\Graziano Sviluppo-Studio\demoSpring\demoSpring)
2022-04-08 12:41:59,278 DEBUG i.g.d.DemoSpringApplication [main] Running with Spring Boot v2.6.6, Spring v5.3.18
2022-04-08 12:41:59,280 INFO i.g.d.DemoSpringApplication [main] No active profile set, falling back to 1 default profile: "default"
2022-04-08 12:42:12,889 DEBUG i.g.d.DemoSpringApplication [main] Inizio main
2022-04-08 12:42:13,478 INFO i.g.d.DemoSpringApplication [main] Starting DemoSpringApplication using Java 1.8.0_241 on PC2823 with PID 19276 (C:\Graziano Sviluppo-Studio\demoSpring\demoSpring\target\classes started by u03240 in C:\Graziano Sviluppo-Studio\demoSpring\demoSpring)
2022-04-08 12:42:13,483 DEBUG i.g.d.DemoSpringApplication [main] Running with Spring Boot v2.6.6, Spring v5.3.18
2022-04-08 12:42:13,485 INFO i.g.d.DemoSpringApplication [main] No active profile set, falling back to 1 default profile: "default"
2022-04-08 12:42:17,685 ERROR c.z.h.HikariConfig [main] Failed to load driver class net.sourceforge.jtds.jdbc.Driver from HikariConfig class classloader sun.misc.Launcher$AppClassLoader@2a139a55
2022-04-08 12:46:11,331 DEBUG i.g.d.DemoSpringApplication [main] Inizio main
2022-04-08 12:46:11,951 INFO i.g.d.DemoSpringApplication [main] Starting DemoSpringApplication using Java 1.8.0_241 on PC2823 with PID 31544 (C:\Graziano Sviluppo-Studio\demoSpring\demoSpring\target\classes started by u03240 in C:\Graziano Sviluppo-Studio\demoSpring\demoSpring)
2022-04-08 12:46:11,960 DEBUG i.g.d.DemoSpringApplication [main] Running with Spring Boot v2.6.6, Spring v5.3.18
2022-04-08 12:46:11,961 INFO i.g.d.DemoSpringApplication [main] No active profile set, falling back to 1 default profile: "default"
2022-04-08 12:46:16,649 INFO i.g.d.DemoSpringApplication [main] Started DemoSpringApplication in 5.179 seconds (JVM running for 6.353)
2022-04-08 12:46:42,226 DEBUG i.g.d.s.FotoService [http-nio-8181-exec-4] sono in allPhoto
2022-04-08 12:46:51,219 DEBUG i.g.d.s.FotoService [http-nio-8181-exec-10] sono in allPhoto
2022-04-08 12:51:14,321 DEBUG i.g.d.s.FotoService [http-nio-8181-exec-2] sono in allPhoto
2022-04-08 12:51:15,702 DEBUG i.g.d.s.FotoService [http-nio-8181-exec-1] sono in allPhoto
2022-04-08 12:52:11,486 DEBUG i.g.d.DemoSpringApplication [main] Inizio main
2022-04-08 12:52:23,459 INFO i.g.d.DemoSpringApplication [main] Starting DemoSpringApplication using Java 1.8.0_241 on PC2823 with PID 15748 (C:\Graziano Sviluppo-Studio\demoSpring\demoSpring\target\classes started by u03240 in C:\Graziano Sviluppo-Studio\demoSpring\demoSpring)
2022-04-08 12:52:23,503 DEBUG i.g.d.DemoSpringApplication [main] Running with Spring Boot v2.6.6, Spring v5.3.18
2022-04-08 12:52:23,513 INFO i.g.d.DemoSpringApplication [main] No active profile set, falling back to 1 default profile: "default"
2022-04-08 12:52:44,731 INFO i.g.d.DemoSpringApplication [main] Started DemoSpringApplication in 31.095 seconds (JVM running for 49.175)
2022-04-08 12:52:52,284 DEBUG i.g.d.s.FotoService [http-nio-8181-exec-2] sono in allPhoto
2022-04-08 12:52:54,048 DEBUG i.g.d.s.FotoService [http-nio-8181-exec-3] sono in allPhoto
2022-04-08 12:52:54,950 DEBUG i.g.d.s.FotoService [http-nio-8181-exec-4] sono in allPhoto
2022-04-08 12:52:55,727 DEBUG i.g.d.s.FotoService [http-nio-8181-exec-5] sono in allPhoto
2022-04-08 12:52:56,648 DEBUG i.g.d.s.FotoService [http-nio-8181-exec-6] sono in allPhoto
2022-04-08 12:52:57,390 DEBUG i.g.d.s.FotoService [http-nio-8181-exec-7] sono in allPhoto
2022-04-08 12:54:04,992 DEBUG i.g.d.DemoSpringApplication [main] Inizio main
2022-04-08 12:54:05,988 INFO i.g.d.DemoSpringApplication [main] Starting DemoSpringApplication using Java 1.8.0_241 on PC2823 with PID 31080 (C:\Graziano Sviluppo-Studio\demoSpring\demoSpring\target\classes started by u03240 in C:\Graziano Sviluppo-Studio\demoSpring\demoSpring)
2022-04-08 12:54:05,996 DEBUG i.g.d.DemoSpringApplication [main] Running with Spring Boot v2.6.6, Spring v5.3.18
2022-04-08 12:54:05,997 INFO i.g.d.DemoSpringApplication [main] No active profile set, falling back to 1 default profile: "default"
2022-04-08 12:54:10,340 INFO i.g.d.DemoSpringApplication [main] Started DemoSpringApplication in 5.127 seconds (JVM running for 6.523)
2022-04-08 12:54:39,034 DEBUG i.g.d.s.FotoService [http-nio-8181-exec-4] sono in allPhoto
2022-04-08 12:54:48,917 DEBUG i.g.d.s.FotoService [http-nio-8181-exec-7] sono in allPhoto
2022-04-08 12:54:58,531 DEBUG i.g.d.s.FotoService [http-nio-8181-exec-6] sono in allPhoto
2022-04-08 12:55:04,369 DEBUG i.g.d.s.FotoService [http-nio-8181-exec-3] sono in allPhoto
2022-04-08 13:03:09,017 DEBUG i.g.d.DemoSpringApplication [main] Inizio main
2022-04-08 13:03:09,855 INFO i.g.d.DemoSpringApplication [main] Starting DemoSpringApplication using Java 1.8.0_241 on PC2823 with PID 24832 (C:\Graziano Sviluppo-Studio\demoSpring\demoSpring\target\classes started by u03240 in C:\Graziano Sviluppo-Studio\demoSpring\demoSpring)
2022-04-08 13:03:09,864 DEBUG i.g.d.DemoSpringApplication [main] Running with Spring Boot v2.6.6, Spring v5.3.18
2022-04-08 13:03:09,866 INFO i.g.d.DemoSpringApplication [main] No active profile set, falling back to 1 default profile: "default"
2022-04-08 13:03:15,108 INFO i.g.d.DemoSpringApplication [main] Started DemoSpringApplication in 5.913 seconds (JVM running for 23.521)
2022-04-08 13:04:44,569 DEBUG i.g.d.DemoSpringApplication [main] Inizio main
2022-04-08 13:04:52,184 INFO i.g.d.DemoSpringApplication [main] Starting DemoSpringApplication using Java 1.8.0_241 on PC2823 with PID 19080 (C:\Graziano Sviluppo-Studio\demoSpring\demoSpring\target\classes started by u03240 in C:\Graziano Sviluppo-Studio\demoSpring\demoSpring)
2022-04-08 13:04:52,205 DEBUG i.g.d.DemoSpringApplication [main] Running with Spring Boot v2.6.6, Spring v5.3.18
2022-04-08 13:04:52,206 INFO i.g.d.DemoSpringApplication [main] No active profile set, falling back to 1 default profile: "default"
2022-04-08 13:04:57,523 INFO i.g.d.DemoSpringApplication [main] Started DemoSpringApplication in 11.233 seconds (JVM running for 29.13)
2022-04-08 13:08:20,705 DEBUG i.g.d.DemoSpringApplication [main] Inizio main
2022-04-08 13:08:20,714 DEBUG i.g.d.DemoSpringApplication [main] Inizio main
2022-04-08 13:08:21,624 INFO i.g.d.DemoSpringApplication [main] Starting DemoSpringApplication using Java 1.8.0_241 on PC2823 with PID 30368 (C:\Graziano Sviluppo-Studio\demoSpring\demoSpring\target\classes started by u03240 in C:\Graziano Sviluppo-Studio\demoSpring\demoSpring)
2022-04-08 13:08:21,632 DEBUG i.g.d.DemoSpringApplication [main] Running with Spring Boot v2.6.6, Spring v5.3.18
2022-04-08 13:08:21,634 INFO i.g.d.DemoSpringApplication [main] No active profile set, falling back to 1 default profile: "default"
2022-04-08 13:08:21,639 INFO i.g.d.DemoSpringApplication [main] Starting DemoSpringApplication using Java 1.8.0_241 on PC2823 with PID 29724 (C:\Graziano Sviluppo-Studio\demoSpring\demoSpring\target\classes started by u03240 in C:\Graziano Sviluppo-Studio\demoSpring\demoSpring)
2022-04-08 13:08:21,648 DEBUG i.g.d.DemoSpringApplication [main] Running with Spring Boot v2.6.6, Spring v5.3.18
2022-04-08 13:08:21,652 INFO i.g.d.DemoSpringApplication [main] No active profile set, falling back to 1 default profile: "default"
2022-04-08 13:08:27,926 INFO i.g.d.DemoSpringApplication [main] Started DemoSpringApplication in 7.028 seconds (JVM running for 14.189)
2022-04-08 13:08:34,794 DEBUG i.g.d.s.FotoService [http-nio-8181-exec-4] sono in allPhoto
2022-04-08 13:08:36,828 DEBUG i.g.d.s.FotoService [http-nio-8181-exec-5] sono in allPhoto
2022-04-08 13:08:39,572 DEBUG i.g.d.s.FotoService [http-nio-8181-exec-8] sono in allPhoto
2022-04-08 13:08:40,932 DEBUG i.g.d.s.FotoService [http-nio-8181-exec-10] sono in allPhoto
2022-04-08 13:08:45,327 DEBUG i.g.d.s.FotoService [http-nio-8181-exec-1] sono in allPhoto
2022-04-08 13:08:55,091 DEBUG i.g.d.s.FotoService [http-nio-8181-exec-4] sono in allPhoto
2022-04-08 13:09:19,897 DEBUG i.g.d.s.FotoService [http-nio-8181-exec-2] sono in allPhoto
2022-04-08 15:38:05,485 DEBUG i.g.d.DemoSpringApplication [main] Inizio main
2022-04-08 15:38:06,140 INFO i.g.d.DemoSpringApplication [main] Starting DemoSpringApplication using Java 1.8.0_241 on PC2823 with PID 25844 (C:\Graziano Sviluppo-Studio\demoSpring\demoSpring\target\classes started by u03240 in C:\Graziano Sviluppo-Studio\demoSpring\demoSpring)
2022-04-08 15:38:06,145 DEBUG i.g.d.DemoSpringApplication [main] Running with Spring Boot v2.6.6, Spring v5.3.18
2022-04-08 15:38:06,146 INFO i.g.d.DemoSpringApplication [main] No active profile set, falling back to 1 default profile: "default"
2022-04-08 15:38:20,130 INFO i.g.d.DemoSpringApplication [main] Started DemoSpringApplication in 14.505 seconds (JVM running for 16.958)
2022-04-08 15:38:28,878 DEBUG i.g.d.s.FotoService [http-nio-8181-exec-4] sono in allPhoto
2022-04-08 15:38:40,874 DEBUG i.g.d.s.FotoService [http-nio-8181-exec-4] sono in allPhoto
2022-04-08 15:40:11,440 DEBUG i.g.d.s.FotoService [http-nio-8181-exec-3] sono in creaNuovaFoto
2022-04-08 15:40:11,441 DEBUG i.g.d.s.FotoService [http-nio-8181-exec-3] REstituisco la nuova foto inserita con id:4
2022-04-08 15:40:11,454 DEBUG i.g.d.s.FotoService [http-nio-8181-exec-4] sono in allPhoto
